<?xml version="1.0" encoding="UTF-8"?>
<!-- Generated by org.testng.reporters.JUnitXMLReporter -->
<testsuite ignored="0" hostname="DESKTOP-SEKDPB4" failures="0" tests="6" name="Firefox" time="0.209" errors="0" timestamp="2023-02-02T10:01:49 IST">
  <testcase classname="testNgPack.TestClassABC" name="@BeforeTest openBrowser" time="0.142">
    <failure type="org.openqa.selenium.SessionNotCreatedException" message="session not created: No matching capabilities found
Build info: version: &amp;apos;3.141.59&amp;apos;, revision: &amp;apos;e82be7d358&amp;apos;, time: &amp;apos;2018-11-14T08:17:03&amp;apos;
System info: host: &amp;apos;DESKTOP-SEKDPB4&amp;apos;, ip: &amp;apos;192.168.1.5&amp;apos;, os.name: &amp;apos;Windows 11&amp;apos;, os.arch: &amp;apos;amd64&amp;apos;, os.version: &amp;apos;10.0&amp;apos;, java.version: &amp;apos;18.0.1.1&amp;apos;
Driver info: driver.version: FirefoxDriver
remote stacktrace: Backtrace:
	(No symbol) [0x011F6643]
	(No symbol) [0x0118BE21]
	(No symbol) [0x0108DA9D]
	(No symbol) [0x010E5D69]
	(No symbol) [0x010E53A0]
	(No symbol) [0x010E670C]
	(No symbol) [0x010E655C]
	(No symbol) [0x010DFB76]
	(No symbol) [0x010B49C1]
	(No symbol) [0x010B5E5D]
	GetHandleVerifier [0x0146A142+2497106]
	GetHandleVerifier [0x014985D3+2686691]
	GetHandleVerifier [0x0149BB9C+2700460]
	GetHandleVerifier [0x012A3B10+635936]
	(No symbol) [0x01194A1F]
	(No symbol) [0x0119A418]
	(No symbol) [0x0119A505]
	(No symbol) [0x011A508B]
	BaseThreadInitThunk [0x77626939+25]
	RtlGetFullPathName_UEx [0x77B18FD2+1218]
	RtlGetFullPathName_UEx [0x77B18F9D+1165]
">
      <![CDATA[org.openqa.selenium.SessionNotCreatedException: session not created: No matching capabilities found
Build info: version: '3.141.59', revision: 'e82be7d358', time: '2018-11-14T08:17:03'
System info: host: 'DESKTOP-SEKDPB4', ip: '192.168.1.5', os.name: 'Windows 11', os.arch: 'amd64', os.version: '10.0', java.version: '18.0.1.1'
Driver info: driver.version: FirefoxDriver
remote stacktrace: Backtrace:
(No symbol) [0x011F6643]
(No symbol) [0x0118BE21]
(No symbol) [0x0108DA9D]
(No symbol) [0x010E5D69]
(No symbol) [0x010E53A0]
(No symbol) [0x010E670C]
(No symbol) [0x010E655C]
(No symbol) [0x010DFB76]
(No symbol) [0x010B49C1]
(No symbol) [0x010B5E5D]
GetHandleVerifier [0x0146A142+2497106]
GetHandleVerifier [0x014985D3+2686691]
GetHandleVerifier [0x0149BB9C+2700460]
GetHandleVerifier [0x012A3B10+635936]
(No symbol) [0x01194A1F]
(No symbol) [0x0119A418]
(No symbol) [0x0119A505]
(No symbol) [0x011A508B]
BaseThreadInitThunk [0x77626939+25]
RtlGetFullPathName_UEx [0x77B18FD2+1218]
RtlGetFullPathName_UEx [0x77B18F9D+1165]

at org.openqa.selenium.remote.W3CHandshakeResponse.lambda$errorHandler$0(W3CHandshakeResponse.java:62)
at org.openqa.selenium.remote.HandshakeResponse.lambda$getResponseFunction$0(HandshakeResponse.java:30)
at org.openqa.selenium.remote.ProtocolHandshake.lambda$createSession$0(ProtocolHandshake.java:126)
at java.base/java.util.stream.ReferencePipeline$3$1.accept(ReferencePipeline.java:197)
at java.base/java.util.Spliterators$ArraySpliterator.tryAdvance(Spliterators.java:1002)
at java.base/java.util.stream.ReferencePipeline.forEachWithCancel(ReferencePipeline.java:129)
at java.base/java.util.stream.AbstractPipeline.copyIntoWithCancel(AbstractPipeline.java:527)
at java.base/java.util.stream.AbstractPipeline.copyInto(AbstractPipeline.java:513)
at java.base/java.util.stream.AbstractPipeline.wrapAndCopyInto(AbstractPipeline.java:499)
at java.base/java.util.stream.FindOps$FindOp.evaluateSequential(FindOps.java:150)
at java.base/java.util.stream.AbstractPipeline.evaluate(AbstractPipeline.java:234)
at java.base/java.util.stream.ReferencePipeline.findFirst(ReferencePipeline.java:647)
at org.openqa.selenium.remote.ProtocolHandshake.createSession(ProtocolHandshake.java:128)
at org.openqa.selenium.remote.ProtocolHandshake.createSession(ProtocolHandshake.java:74)
at org.openqa.selenium.remote.HttpCommandExecutor.execute(HttpCommandExecutor.java:136)
at org.openqa.selenium.remote.service.DriverCommandExecutor.execute(DriverCommandExecutor.java:83)
at org.openqa.selenium.remote.RemoteWebDriver.execute(RemoteWebDriver.java:552)
at org.openqa.selenium.remote.RemoteWebDriver.startSession(RemoteWebDriver.java:213)
at org.openqa.selenium.remote.RemoteWebDriver.<init>(RemoteWebDriver.java:131)
at org.openqa.selenium.firefox.FirefoxDriver.<init>(FirefoxDriver.java:147)
at org.openqa.selenium.firefox.FirefoxDriver.<init>(FirefoxDriver.java:125)
at testNgPack.TestClassABC.openBrowser(TestClassABC.java:39)
... Removed 25 stack frames]]>
    </failure>
  </testcase> <!-- @BeforeTest openBrowser -->
  <testcase classname="testNgPack.TestClassXYZ" name="@BeforeTest openBrowser" time="-1.675312309501E9">
    <skipped/>
  </testcase> <!-- @BeforeTest openBrowser -->
  <testcase classname="testNgPack.TestClassXYZ" name="@BeforeClass creatPomObjects" time="-1.675312309504E9">
    <skipped/>
  </testcase> <!-- @BeforeClass creatPomObjects -->
  <testcase classname="testNgPack.TestClassXYZ" name="@BeforeMethod openSignUpPage" time="-1.675312309506E9">
    <skipped/>
  </testcase> <!-- @BeforeMethod openSignUpPage -->
  <testcase classname="testNgPack.TestClassXYZ" name="@AfterMethod closedCurrentTab" time="-1.675312309509E9">
    <skipped/>
  </testcase> <!-- @AfterMethod closedCurrentTab -->
  <testcase classname="testNgPack.TestClassXYZ" name="@BeforeMethod openSignUpPage" time="-1.675312309511E9">
    <skipped/>
  </testcase> <!-- @BeforeMethod openSignUpPage -->
  <testcase classname="testNgPack.TestClassXYZ" name="@AfterMethod closedCurrentTab" time="-1.675312309514E9">
    <skipped/>
  </testcase> <!-- @AfterMethod closedCurrentTab -->
  <testcase classname="testNgPack.TestClassXYZ" name="@BeforeMethod openSignUpPage" time="-1.675312309516E9">
    <skipped/>
  </testcase> <!-- @BeforeMethod openSignUpPage -->
  <testcase classname="testNgPack.TestClassXYZ" name="@AfterMethod closedCurrentTab" time="-1.675312309519E9">
    <skipped/>
  </testcase> <!-- @AfterMethod closedCurrentTab -->
  <testcase classname="testNgPack.TestClassXYZ" name="@AfterClass clearPomObjects" time="-1.675312309521E9">
    <skipped/>
  </testcase> <!-- @AfterClass clearPomObjects -->
  <testcase classname="testNgPack.TestClassABC" name="@BeforeClass creatPomObjects" time="-1.675312309523E9">
    <skipped/>
  </testcase> <!-- @BeforeClass creatPomObjects -->
  <testcase classname="testNgPack.TestClassABC" name="@BeforeMethod openSignUpPage" time="-1.675312309535E9">
    <skipped/>
  </testcase> <!-- @BeforeMethod openSignUpPage -->
  <testcase classname="testNgPack.TestClassABC" name="@AfterMethod closedCurrentTab" time="-1.67531230954E9">
    <skipped/>
  </testcase> <!-- @AfterMethod closedCurrentTab -->
  <testcase classname="testNgPack.TestClassABC" name="@BeforeMethod openSignUpPage" time="-1.675312309546E9">
    <skipped/>
  </testcase> <!-- @BeforeMethod openSignUpPage -->
  <testcase classname="testNgPack.TestClassABC" name="@AfterMethod closedCurrentTab" time="-1.67531230955E9">
    <skipped/>
  </testcase> <!-- @AfterMethod closedCurrentTab -->
  <testcase classname="testNgPack.TestClassABC" name="@BeforeMethod openSignUpPage" time="-1.675312309552E9">
    <skipped/>
  </testcase> <!-- @BeforeMethod openSignUpPage -->
  <testcase classname="testNgPack.TestClassABC" name="@AfterMethod closedCurrentTab" time="-1.675312309557E9">
    <skipped/>
  </testcase> <!-- @AfterMethod closedCurrentTab -->
  <testcase classname="testNgPack.TestClassABC" name="@AfterClass clearPomObjects" time="-1.675312309559E9">
    <skipped/>
  </testcase> <!-- @AfterClass clearPomObjects -->
  <testcase classname="testNgPack.TestClassABC" name="@AfterTest afterClass" time="-1.675312309561E9">
    <skipped/>
  </testcase> <!-- @AfterTest afterClass -->
  <testcase classname="testNgPack.TestClassXYZ" name="@AfterTest afterClass" time="-1.675312309562E9">
    <skipped/>
  </testcase> <!-- @AfterTest afterClass -->
  <testcase classname="testNgPack.TestClassXYZ" name="VerifyCookiesPolicyLink123" time="0.0">
    <skipped/>
  </testcase> <!-- VerifyCookiesPolicyLink123 -->
  <testcase classname="testNgPack.TestClassXYZ" name="verifyPrivacyPolicyLink123" time="0.0">
    <skipped/>
  </testcase> <!-- verifyPrivacyPolicyLink123 -->
  <testcase classname="testNgPack.TestClassXYZ" name="verifyTermsLink123" time="0.0">
    <skipped/>
  </testcase> <!-- verifyTermsLink123 -->
  <testcase classname="testNgPack.TestClassABC" name="VerifyCookiesPolicyLink" time="0.0">
    <skipped/>
  </testcase> <!-- VerifyCookiesPolicyLink -->
  <testcase classname="testNgPack.TestClassABC" name="verifyPrivacyPolicyLink" time="0.0">
    <skipped/>
  </testcase> <!-- verifyPrivacyPolicyLink -->
  <testcase classname="testNgPack.TestClassABC" name="verifyTermsLink" time="0.0">
    <skipped/>
  </testcase> <!-- verifyTermsLink -->
</testsuite> <!-- Firefox -->
