<?xml version="1.0" encoding="UTF-8"?>
<!-- Generated by org.testng.reporters.JUnitXMLReporter -->
<testsuite ignored="2" hostname="DESKTOP-SEKDPB4" failures="0" tests="6" name="Test" time="0.087" errors="0" timestamp="2023-01-31T10:02:27 IST">
  <testcase classname="testNgPack.TestNGClass" name="testA" time="0.01"/>
  <testcase classname="testNgPack.TestNGClass" name="testC" time="0.001"/>
  <testcase classname="testNgPack.Automation" name="test1" time="0.002"/>
  <testcase classname="testNgPack.Automation" name="test2" time="0.002"/>
  <testcase classname="testNgPack.Automation" name="test3" time="0.002"/>
  <testcase classname="testNgPack.Automation" name="test4" time="0.001"/>
  <testcase classname="testNgPack.TestNGClass" name="testB" time="0.0">
    <ignored/>
  </testcase> <!-- testB -->
  <testcase classname="testNgPack.TestNGClass" name="testD" time="0.0">
    <ignored/>
  </testcase> <!-- testD -->
</testsuite> <!-- Test -->
